Vivado Simulator 2018.1
Copyright 1986-1999, 2001-2017 Xilinx, Inc. All Rights Reserved.
Running: /opt/Xilinx/Vivado/2018.1/bin/unwrapped/lnx64.o/xelab -wto 129df066ee004309af7f41bb061fd6c7 --incr --debug typical --relax --mt 8 -L xil_defaultlib -L unisims_ver -L unimacro_ver -L secureip -L xpm --snapshot Testbench_behav xil_defaultlib.Testbench xil_defaultlib.glbl -log elaborate.log 
Using 8 slave threads.
Starting static elaboration
Completed static elaboration
Starting simulation data flow analysis
Completed simulation data flow analysis
Time Resolution for simulation is 1ps
Compiling module unisims_ver.BUFG
Compiling module unisims_ver.IBUF
Compiling module unisims_ver.MMCME2_ADV(CLKFBOUT_MULT_F=9.125...
Compiling module xil_defaultlib.SlowClock_SlowClock_clk_wiz
Compiling module xil_defaultlib.SlowClock
Compiling module xil_defaultlib.plusarg_reader(FORMAT="tilelink_...
Compiling module xil_defaultlib.TLMonitor
Compiling module xil_defaultlib.TLXbar
Compiling module xil_defaultlib.TLMonitor_1
Compiling module xil_defaultlib.TLSplitter
Compiling module xil_defaultlib.TLMonitor_2
Compiling module xil_defaultlib.TLFIFOFixer
Compiling module xil_defaultlib.TLMonitor_3
Compiling module xil_defaultlib.TLWidthWidget
Compiling module xil_defaultlib.TLMonitor_4
Compiling module xil_defaultlib.TLBuffer
Compiling module xil_defaultlib.SimpleLazyModule
Compiling module xil_defaultlib.TLMonitor_5
Compiling module xil_defaultlib.TLBuffer_1
Compiling module xil_defaultlib.TLMonitor_6
Compiling module xil_defaultlib.TLFIFOFixer_1
Compiling module xil_defaultlib.TLMonitor_7
Compiling module xil_defaultlib.Queue
Compiling module xil_defaultlib.TLCacheCork
Compiling module xil_defaultlib.SimpleLazyModule_2
Compiling module xil_defaultlib.SystemBus
Compiling module xil_defaultlib.TLMonitor_8
Compiling module xil_defaultlib.TLXbar_1
Compiling module xil_defaultlib.TLMonitor_9
Compiling module xil_defaultlib.Queue_2
Compiling module xil_defaultlib.Queue_3
Compiling module xil_defaultlib.TLBuffer_2
Compiling module xil_defaultlib.TLMonitor_10
Compiling module xil_defaultlib.TLAtomicAutomata
Compiling module xil_defaultlib.SimpleLazyModule_3
Compiling module xil_defaultlib.TLMonitor_11
Compiling module xil_defaultlib.TLBuffer_3
Compiling module xil_defaultlib.TLMonitor_12
Compiling module xil_defaultlib.Repeater
Compiling module xil_defaultlib.TLFragmenter
Compiling module xil_defaultlib.TLMonitor_13
Compiling module xil_defaultlib.TLBuffer_4
Compiling module xil_defaultlib.SimpleLazyModule_4
Compiling module xil_defaultlib.TLMonitor_14
Compiling module xil_defaultlib.Repeater_1
Compiling module xil_defaultlib.TLFragmenter_1
Compiling module xil_defaultlib.TLMonitor_15
Compiling module xil_defaultlib.TLBuffer_5
Compiling module xil_defaultlib.SimpleLazyModule_5
Compiling module xil_defaultlib.TLMonitor_16
Compiling module xil_defaultlib.Repeater_2
Compiling module xil_defaultlib.TLFragmenter_2
Compiling module xil_defaultlib.TLMonitor_17
Compiling module xil_defaultlib.TLBuffer_6
Compiling module xil_defaultlib.SimpleLazyModule_6
Compiling module xil_defaultlib.TLMonitor_18
Compiling module xil_defaultlib.TLBuffer_7
Compiling module xil_defaultlib.SimpleLazyModule_7
Compiling module xil_defaultlib.TLMonitor_19
Compiling module xil_defaultlib.Repeater_3
Compiling module xil_defaultlib.TLFragmenter_3
Compiling module xil_defaultlib.TLMonitor_20
Compiling module xil_defaultlib.TLBuffer_8
Compiling module xil_defaultlib.SimpleLazyModule_8
Compiling module xil_defaultlib.TLMonitor_21
Compiling module xil_defaultlib.Repeater_4
Compiling module xil_defaultlib.TLFragmenter_4
Compiling module xil_defaultlib.TLMonitor_22
Compiling module xil_defaultlib.TLBuffer_9
Compiling module xil_defaultlib.SimpleLazyModule_9
Compiling module xil_defaultlib.PeripheryBus
Compiling module xil_defaultlib.TLMonitor_23
Compiling module xil_defaultlib.Queue_6
Compiling module xil_defaultlib.TLPLIC
Compiling module xil_defaultlib.TLMonitor_24
Compiling module xil_defaultlib.CLINT
Compiling module xil_defaultlib.TLMonitor_25
Compiling module xil_defaultlib.TLXbar_3
Compiling module xil_defaultlib.TLMonitor_26
Compiling module xil_defaultlib.AsyncResetReg
Compiling module xil_defaultlib.AsyncResetRegVec_w32_i0
Compiling module xil_defaultlib.AsyncResetRegVec_w1_i0
Compiling module xil_defaultlib.TLDebugModuleOuter
Compiling module xil_defaultlib.IntSyncCrossingSource
Compiling module xil_defaultlib.TLMonitor_27
Compiling module xil_defaultlib.AsyncResetSynchronizerShiftReg_w...
Compiling module xil_defaultlib.AsyncResetSynchronizerShiftReg_w...
Compiling module xil_defaultlib.AsyncValidSync
Compiling module xil_defaultlib.AsyncResetSynchronizerShiftReg_w...
Compiling module xil_defaultlib.AsyncValidSync_1
Compiling module xil_defaultlib.AsyncValidSync_2
Compiling module xil_defaultlib.AsyncQueueSource
Compiling module xil_defaultlib.SynchronizerShiftReg_w42_d1
Compiling module xil_defaultlib.AsyncQueueSink
Compiling module xil_defaultlib.TLAsyncCrossingSource
Compiling module xil_defaultlib.AsyncQueueSource_1
Compiling module xil_defaultlib.TLDebugModuleOuterAsync
Compiling module xil_defaultlib.TLMonitor_28
Compiling module xil_defaultlib.TLMonitor_29
Compiling module xil_defaultlib.TLDebugModuleInner
Compiling module xil_defaultlib.SynchronizerShiftReg_w54_d1
Compiling module xil_defaultlib.AsyncQueueSink_1
Compiling module xil_defaultlib.AsyncQueueSource_2
Compiling module xil_defaultlib.TLAsyncCrossingSink
Compiling module xil_defaultlib.SynchronizerShiftReg_w12_d1
Compiling module xil_defaultlib.AsyncQueueSink_2
Compiling module xil_defaultlib.ResetCatchAndSync_d3
Compiling module xil_defaultlib.TLDebugModuleInnerAsync
Compiling module xil_defaultlib.TLDebugModule
Compiling module xil_defaultlib.TLMonitor_30
Compiling module xil_defaultlib.TLMonitor_31
Compiling module xil_defaultlib.TLXbar_4
Compiling module xil_defaultlib.TLXbar_5
Compiling module xil_defaultlib.IntXbar_1
Compiling module xil_defaultlib.Arbiter
Compiling module xil_defaultlib.DCacheDataArray
Compiling module xil_defaultlib.Arbiter_1
Compiling module xil_defaultlib.PMPChecker
Compiling module xil_defaultlib.TLB
Compiling module xil_defaultlib.AMOALU
Compiling module xil_defaultlib.DCache
Compiling module xil_defaultlib.ICache
Compiling module xil_defaultlib.TLB_1
Compiling module xil_defaultlib.ShiftQueue
Compiling module xil_defaultlib.Frontend
Compiling module xil_defaultlib.ScratchpadSlavePort
Compiling module xil_defaultlib.Repeater_5
Compiling module xil_defaultlib.TLFragmenter_6
Compiling module xil_defaultlib.TLMonitor_32
Compiling module xil_defaultlib.Queue_7
Compiling module xil_defaultlib.TLBuffer_12
Compiling module xil_defaultlib.TLMonitor_33
Compiling module xil_defaultlib.TLBuffer_15
Compiling module xil_defaultlib.SynchronizerShiftReg_w1_d3
Compiling module xil_defaultlib.IntSyncCrossingSink
Compiling module xil_defaultlib.IntSyncCrossingSink_1
Compiling module xil_defaultlib.HellaCacheArbiter
Compiling module xil_defaultlib.PTW
Compiling module xil_defaultlib.RVCExpander
Compiling module xil_defaultlib.IBuf
Compiling module xil_defaultlib.CSRFile
Compiling module xil_defaultlib.BreakpointUnit
Compiling module xil_defaultlib.ALU
Compiling module xil_defaultlib.MulDiv
Compiling module xil_defaultlib.plusarg_reader(FORMAT="max_core_...
Compiling module xil_defaultlib.PlusArgTimeout
Compiling module xil_defaultlib.Rocket
Compiling module xil_defaultlib.RocketTile
Compiling module xil_defaultlib.AsyncResetRegVec_w2_i0
Compiling module xil_defaultlib.IntSyncCrossingSource_2
Compiling module xil_defaultlib.TLMonitor_34
Compiling module xil_defaultlib.LEDBase
Compiling module xil_defaultlib.LEDTL
Compiling module xil_defaultlib.TLMonitor_35
Compiling module xil_defaultlib.TLROM
Compiling module xil_defaultlib.TinyLanceTop
Compiling module xil_defaultlib.TinyLanceTestHarness
Compiling module xil_defaultlib.Testbench
Compiling module xil_defaultlib.glbl
Built simulation snapshot Testbench_behav
