Vivado Simulator 2018.1
Time resolution is 1 ps
C0:          0 [0] pc=[xxxxxxxx] W[r 0=xxxxxxxx][0] R[r x=xxxxxxxx] R[r x=xxxxxxxx] inst=[xxxxxxxx] DASM(xxxxxxxx)
C0:          1 [0] pc=[xxxxxxxx] W[r 0=xxxxxxxx][0] R[r x=xxxxxxxx] R[r x=xxxxxxxx] inst=[xxxxxxxx] DASM(xxxxxxxx)
C0:          2 [0] pc=[xxxxxxxx] W[r 0=xxxxxxxx][0] R[r x=xxxxxxxx] R[r x=xxxxxxxx] inst=[xxxxxxxx] DASM(xxxxxxxx)
C0:          3 [0] pc=[xxxxxxxx] W[r 0=xxxxxxxx][0] R[r x=xxxxxxxx] R[r x=xxxxxxxx] inst=[xxxxxxxx] DASM(xxxxxxxx)
C0:          4 [x] pc=[xxxxxxxx] W[r x=xxxxxxxx][x] R[r x=xxxxxxxx] R[r x=xxxxxxxx] inst=[xxxxxxxx] DASM(xxxxxxxx)
C0:          X [x] pc=[xxxxxxxx] W[r x=xxxxxxxx][x] R[r x=xxxxxxxx] R[r x=xxxxxxxx] inst=[xxxxxxxx] DASM(xxxxxxxx)
C0:          X [x] pc=[xxxxxxxx] W[r x=xxxxxxxx][x] R[r x=xxxxxxxx] R[r x=xxxxxxxx] inst=[xxxxxxxx] DASM(xxxxxxxx)
C0:          X [x] pc=[xxxxxxxx] W[r x=xxxxxxxx][x] R[r x=xxxxxxxx] R[r x=xxxxxxxx] inst=[xxxxxxxx] DASM(xxxxxxxx)
C0:          X [x] pc=[xxxxxxxx] W[r x=xxxxxxxx][x] R[r x=xxxxxxxx] R[r x=xxxxxxxx] inst=[xxxxxxxx] DASM(xxxxxxxx)
C0:          X [x] pc=[xxxxxxxx] W[r x=xxxxxxxx][x] R[r x=xxxxxxxx] R[r x=xxxxxxxx] inst=[xxxxxxxx] DASM(xxxxxxxx)
C0:          X [x] pc=[xxxxxxxx] W[r x=xxxxxxxx][x] R[r x=xxxxxxxx] R[r x=xxxxxxxx] inst=[xxxxxxxx] DASM(xxxxxxxx)
C0:          X [x] pc=[xxxxxxxx] W[r x=xxxxxxxx][x] R[r x=xxxxxxxx] R[r x=xxxxxxxx] inst=[xxxxxxxx] DASM(xxxxxxxx)
C0:          X [x] pc=[xxxxxxxx] W[r x=xxxxxxxx][x] R[r x=xxxxxxxx] R[r x=xxxxxxxx] inst=[xxxxxxxx] DASM(xxxxxxxx)
C0:          X [x] pc=[xxxxxxxx] W[r x=xxxxxxxx][x] R[r x=xxxxxxxx] R[r x=xxxxxxxx] inst=[xxxxxxxx] DASM(xxxxxxxx)
C0:          X [x] pc=[xxxxxxxx] W[r x=xxxxxxxx][x] R[r x=xxxxxxxx] R[r x=xxxxxxxx] inst=[xxxxxxxx] DASM(xxxxxxxx)
C0:          X [x] pc=[xxxxxxxx] W[r x=xxxxxxxx][x] R[r x=xxxxxxxx] R[r x=xxxxxxxx] inst=[xxxxxxxx] DASM(xxxxxxxx)
C0:          X [x] pc=[xxxxxxxx] W[r x=xxxxxxxx][x] R[r x=xxxxxxxx] R[r x=xxxxxxxx] inst=[xxxxxxxx] DASM(xxxxxxxx)
C0:          X [x] pc=[xxxxxxxx] W[r x=xxxxxxxx][x] R[r x=xxxxxxxx] R[r x=xxxxxxxx] inst=[xxxxxxxx] DASM(xxxxxxxx)
C0:          X [x] pc=[xxxxxxxx] W[r x=xxxxxxxx][x] R[r x=xxxxxxxx] R[r x=xxxxxxxx] inst=[xxxxxxxx] DASM(xxxxxxxx)
C0:          X [x] pc=[xxxxxxxx] W[r x=xxxxxxxx][x] R[r x=xxxxxxxx] R[r x=xxxxxxxx] inst=[xxxxxxxx] DASM(xxxxxxxx)
C0:          X [x] pc=[xxxxxxxx] W[r x=xxxxxxxx][x] R[r x=xxxxxxxx] R[r x=xxxxxxxx] inst=[xxxxxxxx] DASM(xxxxxxxx)
C0:          X [x] pc=[xxxxxxxx] W[r x=xxxxxxxx][x] R[r x=xxxxxxxx] R[r x=xxxxxxxx] inst=[xxxxxxxx] DASM(xxxxxxxx)
C0:          X [x] pc=[xxxxxxxx] W[r x=xxxxxxxx][x] R[r x=xxxxxxxx] R[r x=xxxxxxxx] inst=[xxxxxxxx] DASM(xxxxxxxx)
C0:          X [x] pc=[xxxxxxxx] W[r x=xxxxxxxx][x] R[r x=xxxxxxxx] R[r x=xxxxxxxx] inst=[xxxxxxxx] DASM(xxxxxxxx)
C0:          X [x] pc=[xxxxxxxx] W[r x=xxxxxxxx][x] R[r x=xxxxxxxx] R[r x=xxxxxxxx] inst=[xxxxxxxx] DASM(xxxxxxxx)
C0:          X [x] pc=[xxxxxxxx] W[r x=xxxxxxxx][x] R[r x=xxxxxxxx] R[r x=xxxxxxxx] inst=[xxxxxxxx] DASM(xxxxxxxx)
C0:          X [x] pc=[xxxxxxxx] W[r x=xxxxxxxx][x] R[r x=xxxxxxxx] R[r x=xxxxxxxx] inst=[xxxxxxxx] DASM(xxxxxxxx)
C0:          X [x] pc=[xxxxxxxx] W[r x=xxxxxxxx][x] R[r x=xxxxxxxx] R[r x=xxxxxxxx] inst=[xxxxxxxx] DASM(xxxxxxxx)
C0:          X [x] pc=[xxxxxxxx] W[r x=xxxxxxxx][x] R[r x=xxxxxxxx] R[r x=xxxxxxxx] inst=[xxxxxxxx] DASM(xxxxxxxx)
C0:          X [x] pc=[xxxxxxxx] W[r x=xxxxxxxx][x] R[r x=xxxxxxxx] R[r x=xxxxxxxx] inst=[xxxxxxxx] DASM(xxxxxxxx)
C0:          X [x] pc=[xxxxxxxx] W[r x=xxxxxxxx][x] R[r x=xxxxxxxx] R[r x=xxxxxxxx] inst=[xxxxxxxx] DASM(xxxxxxxx)
C0:          X [x] pc=[xxxxxxxx] W[r x=xxxxxxxx][x] R[r x=xxxxxxxx] R[r x=xxxxxxxx] inst=[xxxxxxxx] DASM(xxxxxxxx)
C0:          X [x] pc=[xxxxxxxx] W[r x=xxxxxxxx][x] R[r x=xxxxxxxx] R[r x=xxxxxxxx] inst=[xxxxxxxx] DASM(xxxxxxxx)
C0:          X [x] pc=[xxxxxxxx] W[r x=xxxxxxxx][x] R[r x=xxxxxxxx] R[r x=xxxxxxxx] inst=[xxxxxxxx] DASM(xxxxxxxx)
C0:          X [x] pc=[xxxxxxxx] W[r x=xxxxxxxx][x] R[r x=xxxxxxxx] R[r x=xxxxxxxx] inst=[xxxxxxxx] DASM(xxxxxxxx)
C0:          X [x] pc=[xxxxxxxx] W[r x=xxxxxxxx][x] R[r x=xxxxxxxx] R[r x=xxxxxxxx] inst=[xxxxxxxx] DASM(xxxxxxxx)
C0:          X [x] pc=[xxxxxxxx] W[r x=xxxxxxxx][x] R[r x=xxxxxxxx] R[r x=xxxxxxxx] inst=[xxxxxxxx] DASM(xxxxxxxx)
C0:          X [x] pc=[xxxxxxxx] W[r x=xxxxxxxx][x] R[r x=xxxxxxxx] R[r x=xxxxxxxx] inst=[xxxxxxxx] DASM(xxxxxxxx)
C0:          X [x] pc=[xxxxxxxx] W[r x=xxxxxxxx][x] R[r x=xxxxxxxx] R[r x=xxxxxxxx] inst=[xxxxxxxx] DASM(xxxxxxxx)
C0:          X [x] pc=[xxxxxxxx] W[r x=xxxxxxxx][x] R[r x=xxxxxxxx] R[r x=xxxxxxxx] inst=[xxxxxxxx] DASM(xxxxxxxx)
C0:          X [x] pc=[xxxxxxxx] W[r x=xxxxxxxx][x] R[r x=xxxxxxxx] R[r x=xxxxxxxx] inst=[xxxxxxxx] DASM(xxxxxxxx)
C0:          X [x] pc=[xxxxxxxx] W[r x=xxxxxxxx][x] R[r x=xxxxxxxx] R[r x=xxxxxxxx] inst=[xxxxxxxx] DASM(xxxxxxxx)
C0:          X [x] pc=[xxxxxxxx] W[r x=xxxxxxxx][x] R[r x=xxxxxxxx] R[r x=xxxxxxxx] inst=[xxxxxxxx] DASM(xxxxxxxx)
C0:          X [x] pc=[xxxxxxxx] W[r x=xxxxxxxx][x] R[r x=xxxxxxxx] R[r x=xxxxxxxx] inst=[xxxxxxxx] DASM(xxxxxxxx)
C0:          X [x] pc=[xxxxxxxx] W[r x=xxxxxxxx][x] R[r x=xxxxxxxx] R[r x=xxxxxxxx] inst=[xxxxxxxx] DASM(xxxxxxxx)
C0:          X [x] pc=[xxxxxxxx] W[r x=xxxxxxxx][x] R[r x=xxxxxxxx] R[r x=xxxxxxxx] inst=[xxxxxxxx] DASM(xxxxxxxx)
C0:          X [x] pc=[xxxxxxxx] W[r x=xxxxxxxx][x] R[r x=xxxxxxxx] R[r x=xxxxxxxx] inst=[xxxxxxxx] DASM(xxxxxxxx)
C0:          X [x] pc=[xxxxxxxx] W[r x=xxxxxxxx][x] R[r x=xxxxxxxx] R[r x=xxxxxxxx] inst=[xxxxxxxx] DASM(xxxxxxxx)
C0:          X [x] pc=[xxxxxxxx] W[r x=xxxxxxxx][x] R[r x=xxxxxxxx] R[r x=xxxxxxxx] inst=[xxxxxxxx] DASM(xxxxxxxx)
C0:          X [x] pc=[xxxxxxxx] W[r x=xxxxxxxx][x] R[r x=xxxxxxxx] R[r x=xxxxxxxx] inst=[xxxxxxxx] DASM(xxxxxxxx)
C0:          X [x] pc=[xxxxxxxx] W[r x=xxxxxxxx][x] R[r x=xxxxxxxx] R[r x=xxxxxxxx] inst=[xxxxxxxx] DASM(xxxxxxxx)
C0:          X [x] pc=[xxxxxxxx] W[r x=xxxxxxxx][x] R[r x=xxxxxxxx] R[r x=xxxxxxxx] inst=[xxxxxxxx] DASM(xxxxxxxx)
C0:          X [x] pc=[xxxxxxxx] W[r x=xxxxxxxx][x] R[r x=xxxxxxxx] R[r x=xxxxxxxx] inst=[xxxxxxxx] DASM(xxxxxxxx)
C0:          X [x] pc=[xxxxxxxx] W[r x=xxxxxxxx][x] R[r x=xxxxxxxx] R[r x=xxxxxxxx] inst=[xxxxxxxx] DASM(xxxxxxxx)
C0:          X [x] pc=[xxxxxxxx] W[r x=xxxxxxxx][x] R[r x=xxxxxxxx] R[r x=xxxxxxxx] inst=[xxxxxxxx] DASM(xxxxxxxx)
C0:          X [x] pc=[xxxxxxxx] W[r x=xxxxxxxx][x] R[r x=xxxxxxxx] R[r x=xxxxxxxx] inst=[xxxxxxxx] DASM(xxxxxxxx)
C0:          X [x] pc=[xxxxxxxx] W[r x=xxxxxxxx][x] R[r x=xxxxxxxx] R[r x=xxxxxxxx] inst=[xxxxxxxx] DASM(xxxxxxxx)
C0:          X [x] pc=[xxxxxxxx] W[r x=xxxxxxxx][x] R[r x=xxxxxxxx] R[r x=xxxxxxxx] inst=[xxxxxxxx] DASM(xxxxxxxx)
C0:          X [x] pc=[xxxxxxxx] W[r x=xxxxxxxx][x] R[r x=xxxxxxxx] R[r x=xxxxxxxx] inst=[xxxxxxxx] DASM(xxxxxxxx)
C0:          X [x] pc=[xxxxxxxx] W[r x=xxxxxxxx][x] R[r x=xxxxxxxx] R[r x=xxxxxxxx] inst=[xxxxxxxx] DASM(xxxxxxxx)
C0:          X [x] pc=[xxxxxxxx] W[r x=xxxxxxxx][x] R[r x=xxxxxxxx] R[r x=xxxxxxxx] inst=[xxxxxxxx] DASM(xxxxxxxx)
C0:          X [x] pc=[xxxxxxxx] W[r x=xxxxxxxx][x] R[r x=xxxxxxxx] R[r x=xxxxxxxx] inst=[xxxxxxxx] DASM(xxxxxxxx)
C0:          X [x] pc=[xxxxxxxx] W[r x=xxxxxxxx][x] R[r x=xxxxxxxx] R[r x=xxxxxxxx] inst=[xxxxxxxx] DASM(xxxxxxxx)
C0:          X [x] pc=[xxxxxxxx] W[r x=xxxxxxxx][x] R[r x=xxxxxxxx] R[r x=xxxxxxxx] inst=[xxxxxxxx] DASM(xxxxxxxx)
C0:          X [x] pc=[xxxxxxxx] W[r x=xxxxxxxx][x] R[r x=xxxxxxxx] R[r x=xxxxxxxx] inst=[xxxxxxxx] DASM(xxxxxxxx)
C0:          X [x] pc=[xxxxxxxx] W[r x=xxxxxxxx][x] R[r x=xxxxxxxx] R[r x=xxxxxxxx] inst=[xxxxxxxx] DASM(xxxxxxxx)
C0:          X [x] pc=[xxxxxxxx] W[r x=xxxxxxxx][x] R[r x=xxxxxxxx] R[r x=xxxxxxxx] inst=[xxxxxxxx] DASM(xxxxxxxx)
C0:          X [x] pc=[xxxxxxxx] W[r x=xxxxxxxx][x] R[r x=xxxxxxxx] R[r x=xxxxxxxx] inst=[xxxxxxxx] DASM(xxxxxxxx)
C0:          X [x] pc=[xxxxxxxx] W[r x=xxxxxxxx][x] R[r x=xxxxxxxx] R[r x=xxxxxxxx] inst=[xxxxxxxx] DASM(xxxxxxxx)
C0:          X [x] pc=[xxxxxxxx] W[r x=xxxxxxxx][x] R[r x=xxxxxxxx] R[r x=xxxxxxxx] inst=[xxxxxxxx] DASM(xxxxxxxx)
C0:          X [x] pc=[xxxxxxxx] W[r x=xxxxxxxx][x] R[r x=xxxxxxxx] R[r x=xxxxxxxx] inst=[xxxxxxxx] DASM(xxxxxxxx)
C0:          X [x] pc=[xxxxxxxx] W[r x=xxxxxxxx][x] R[r x=xxxxxxxx] R[r x=xxxxxxxx] inst=[xxxxxxxx] DASM(xxxxxxxx)
C0:          X [x] pc=[xxxxxxxx] W[r x=xxxxxxxx][x] R[r x=xxxxxxxx] R[r x=xxxxxxxx] inst=[xxxxxxxx] DASM(xxxxxxxx)
C0:          X [x] pc=[xxxxxxxx] W[r x=xxxxxxxx][x] R[r x=xxxxxxxx] R[r x=xxxxxxxx] inst=[xxxxxxxx] DASM(xxxxxxxx)
C0:          X [x] pc=[xxxxxxxx] W[r x=xxxxxxxx][x] R[r x=xxxxxxxx] R[r x=xxxxxxxx] inst=[xxxxxxxx] DASM(xxxxxxxx)
C0:          X [x] pc=[xxxxxxxx] W[r x=xxxxxxxx][x] R[r x=xxxxxxxx] R[r x=xxxxxxxx] inst=[xxxxxxxx] DASM(xxxxxxxx)
C0:          X [x] pc=[xxxxxxxx] W[r x=xxxxxxxx][x] R[r x=xxxxxxxx] R[r x=xxxxxxxx] inst=[xxxxxxxx] DASM(xxxxxxxx)
C0:          X [x] pc=[xxxxxxxx] W[r x=xxxxxxxx][x] R[r x=xxxxxxxx] R[r x=xxxxxxxx] inst=[xxxxxxxx] DASM(xxxxxxxx)
C0:          X [x] pc=[xxxxxxxx] W[r x=xxxxxxxx][x] R[r x=xxxxxxxx] R[r x=xxxxxxxx] inst=[xxxxxxxx] DASM(xxxxxxxx)
C0:          X [x] pc=[xxxxxxxx] W[r x=xxxxxxxx][x] R[r x=xxxxxxxx] R[r x=xxxxxxxx] inst=[xxxxxxxx] DASM(xxxxxxxx)
C0:          X [x] pc=[xxxxxxxx] W[r x=xxxxxxxx][x] R[r x=xxxxxxxx] R[r x=xxxxxxxx] inst=[xxxxxxxx] DASM(xxxxxxxx)
C0:          X [x] pc=[xxxxxxxx] W[r x=xxxxxxxx][x] R[r x=xxxxxxxx] R[r x=xxxxxxxx] inst=[xxxxxxxx] DASM(xxxxxxxx)
C0:          X [x] pc=[xxxxxxxx] W[r x=xxxxxxxx][x] R[r x=xxxxxxxx] R[r x=xxxxxxxx] inst=[xxxxxxxx] DASM(xxxxxxxx)
C0:          X [x] pc=[xxxxxxxx] W[r x=xxxxxxxx][x] R[r x=xxxxxxxx] R[r x=xxxxxxxx] inst=[xxxxxxxx] DASM(xxxxxxxx)
C0:          X [x] pc=[xxxxxxxx] W[r x=xxxxxxxx][x] R[r x=xxxxxxxx] R[r x=xxxxxxxx] inst=[xxxxxxxx] DASM(xxxxxxxx)
C0:          X [x] pc=[xxxxxxxx] W[r x=xxxxxxxx][x] R[r x=xxxxxxxx] R[r x=xxxxxxxx] inst=[xxxxxxxx] DASM(xxxxxxxx)
C0:          X [x] pc=[xxxxxxxx] W[r x=xxxxxxxx][x] R[r x=xxxxxxxx] R[r x=xxxxxxxx] inst=[xxxxxxxx] DASM(xxxxxxxx)
C0:          X [x] pc=[xxxxxxxx] W[r x=xxxxxxxx][x] R[r x=xxxxxxxx] R[r x=xxxxxxxx] inst=[xxxxxxxx] DASM(xxxxxxxx)
C0:          X [x] pc=[xxxxxxxx] W[r x=xxxxxxxx][x] R[r x=xxxxxxxx] R[r x=xxxxxxxx] inst=[xxxxxxxx] DASM(xxxxxxxx)
C0:          X [x] pc=[xxxxxxxx] W[r x=xxxxxxxx][x] R[r x=xxxxxxxx] R[r x=xxxxxxxx] inst=[xxxxxxxx] DASM(xxxxxxxx)
C0:          X [x] pc=[xxxxxxxx] W[r x=xxxxxxxx][x] R[r x=xxxxxxxx] R[r x=xxxxxxxx] inst=[xxxxxxxx] DASM(xxxxxxxx)
C0:          X [x] pc=[xxxxxxxx] W[r x=xxxxxxxx][x] R[r x=xxxxxxxx] R[r x=xxxxxxxx] inst=[xxxxxxxx] DASM(xxxxxxxx)
C0:          X [x] pc=[xxxxxxxx] W[r x=xxxxxxxx][x] R[r x=xxxxxxxx] R[r x=xxxxxxxx] inst=[xxxxxxxx] DASM(xxxxxxxx)
C0:          X [x] pc=[xxxxxxxx] W[r x=xxxxxxxx][x] R[r x=xxxxxxxx] R[r x=xxxxxxxx] inst=[xxxxxxxx] DASM(xxxxxxxx)
C0:          X [x] pc=[xxxxxxxx] W[r x=xxxxxxxx][x] R[r x=xxxxxxxx] R[r x=xxxxxxxx] inst=[xxxxxxxx] DASM(xxxxxxxx)
C0:          X [x] pc=[xxxxxxxx] W[r x=xxxxxxxx][x] R[r x=xxxxxxxx] R[r x=xxxxxxxx] inst=[xxxxxxxx] DASM(xxxxxxxx)
C0:          X [x] pc=[xxxxxxxx] W[r x=xxxxxxxx][x] R[r x=xxxxxxxx] R[r x=xxxxxxxx] inst=[xxxxxxxx] DASM(xxxxxxxx)
